ShipperAndroidApp/app/build/intermediates/manifest_merge_blame_file/debug/processDebugMainManifest/manifest-merger-blame-debug-report.txt
1<?xml version="1.0" encoding="utf-8"?>
2<manifest xmlns:android="http://schemas.android.com/apk/res/android"
3    package="com.example.shipperapp"
4    android:versionCode="1"
5    android:versionName="1.0" >
6
7    <uses-sdk
8        android:minSdkVersion="21"
9        android:targetSdkVersion="33" />
10
11    <uses-permission android:name="android.permission.INTERNET" />
11-->src\main\AndroidManifest.xml:3:5-67
11-->src\main\AndroidManifest.xml:3:22-64
12    <uses-permission android:name="android.permission.ACCESS_FINE_LOCATION" />
12-->src\main\AndroidManifest.xml:4:5-79
12-->src\main\AndroidManifest.xml:4:22-76
13    <uses-permission android:name="android.permission.ACCESS_COARSE_LOCATION" />
13-->src\main\AndroidManifest.xml:5:5-81
13-->src\main\AndroidManifest.xml:5:22-78
14
15    <!-- Include required permissions for Google Maps API to run. -->
16    <uses-permission android:name="android.permission.ACCESS_NETWORK_STATE" />
16-->[com.google.android.gms:play-services-maps:18.1.0] AndroidManifest.xml:23:5-79
16-->[com.google.android.gms:play-services-maps:18.1.0] AndroidManifest.xml:23:22-76
17
18    <uses-feature
18-->[com.google.android.gms:play-services-maps:18.1.0] AndroidManifest.xml:26:5-28:35
19        android:glEsVersion="0x00020000"
19-->[com.google.android.gms:play-services-maps:18.1.0] AndroidManifest.xml:27:9-41
20        android:required="true" />
20-->[com.google.android.gms:play-services-maps:18.1.0] AndroidManifest.xml:28:9-32
21
22    <queries>
22-->[com.google.android.gms:play-services-maps:18.1.0] AndroidManifest.xml:30:5-34:15
23
24        <!-- Needs to be explicitly declared on Android R+ -->
25        <package android:name="com.google.android.apps.maps" />
25-->[com.google.android.gms:play-services-maps:18.1.0] AndroidManifest.xml:33:9-64
25-->[com.google.android.gms:play-services-maps:18.1.0] AndroidManifest.xml:33:18-61
26    </queries>
27
28    <permission
28-->[androidx.core:core:1.9.0] AndroidManifest.xml:22:5-24:47
29        android:name="com.example.shipperapp.DYNAMIC_RECEIVER_NOT_EXPORTED_PERMISSION"
29-->[androidx.core:core:1.9.0] AndroidManifest.xml:23:9-81
30        android:protectionLevel="signature" />
30-->[androidx.core:core:1.9.0] AndroidManifest.xml:24:9-44
31
32    <uses-permission android:name="com.example.shipperapp.DYNAMIC_RECEIVER_NOT_EXPORTED_PERMISSION" />
32-->[androidx.core:core:1.9.0] AndroidManifest.xml:26:5-97
32-->[androidx.core:core:1.9.0] AndroidManifest.xml:26:22-94
33
34    <application
34-->src\main\AndroidManifest.xml:7:5-29:19
35        android:allowBackup="true"
35-->src\main\AndroidManifest.xml:8:9-35
36        android:appComponentFactory="androidx.core.app.CoreComponentFactory"
36-->[androidx.core:core:1.9.0] AndroidManifest.xml:28:18-86
37        android:debuggable="true"
38        android:extractNativeLibs="true"
39        android:label="ShipperApp"
39-->src\main\AndroidManifest.xml:9:9-35
40        android:networkSecurityConfig="@xml/network_security_config"
40-->src\main\AndroidManifest.xml:13:9-69
41        android:supportsRtl="true"
41-->src\main\AndroidManifest.xml:10:9-35
42        android:testOnly="true"
43        android:theme="@style/AppTheme"
43-->src\main\AndroidManifest.xml:11:9-40
44        android:usesCleartextTraffic="true" >
44-->src\main\AndroidManifest.xml:12:9-44
45        <activity
45-->src\main\AndroidManifest.xml:14:9-19:20
46            android:name="com.example.shipperapp.LoginActivity"
46-->src\main\AndroidManifest.xml:14:19-48
47            android:exported="true" >
47-->src\main\AndroidManifest.xml:14:49-72
48            <intent-filter>
48-->src\main\AndroidManifest.xml:15:13-18:29
49                <action android:name="android.intent.action.MAIN" />
49-->src\main\AndroidManifest.xml:16:17-69
49-->src\main\AndroidManifest.xml:16:25-66
50
51                <category android:name="android.intent.category.LAUNCHER" />
51-->src\main\AndroidManifest.xml:17:17-77
51-->src\main\AndroidManifest.xml:17:27-74
52            </intent-filter>
53        </activity>
54        <activity android:name="com.example.shipperapp.OrderListActivity" />
54-->src\main\AndroidManifest.xml:20:9-55
54-->src\main\AndroidManifest.xml:20:19-52
55        <activity android:name="com.example.shipperapp.OrderDetailActivity" />
55-->src\main\AndroidManifest.xml:21:9-57
55-->src\main\AndroidManifest.xml:21:19-54
56        <activity
56-->src\main\AndroidManifest.xml:22:9-79
57            android:name="com.example.shipperapp.OrderMapActivity"
57-->src\main\AndroidManifest.xml:22:19-51
58            android:exported="false" />
58-->src\main\AndroidManifest.xml:22:52-76
59        <activity android:name="com.example.shipperapp.MainActivity" />
59-->src\main\AndroidManifest.xml:23:9-50
59-->src\main\AndroidManifest.xml:23:19-47
60
61        <!-- Google Maps API Key -->
62        <meta-data
62-->src\main\AndroidManifest.xml:26:9-28:61
63            android:name="com.google.android.geo.API_KEY"
63-->src\main\AndroidManifest.xml:27:13-58
64            android:value="YOUR_GOOGLE_MAPS_API_KEY_HERE" />
64-->src\main\AndroidManifest.xml:28:13-58
65        <!-- Needs to be explicitly declared on P+ -->
66        <uses-library
66-->[com.google.android.gms:play-services-maps:18.1.0] AndroidManifest.xml:39:9-41:40
67            android:name="org.apache.http.legacy"
67-->[com.google.android.gms:play-services-maps:18.1.0] AndroidManifest.xml:40:13-50
68            android:required="false" />
68-->[com.google.android.gms:play-services-maps:18.1.0] AndroidManifest.xml:41:13-37
69
70        <activity
70-->[com.google.android.gms:play-services-base:18.1.0] AndroidManifest.xml:20:9-22:45
71            android:name="com.google.android.gms.common.api.GoogleApiActivity"
71-->[com.google.android.gms:play-services-base:18.1.0] AndroidManifest.xml:20:19-85
72            android:exported="false"
72-->[com.google.android.gms:play-services-base:18.1.0] AndroidManifest.xml:22:19-43
73            android:theme="@android:style/Theme.Translucent.NoTitleBar" />
73-->[com.google.android.gms:play-services-base:18.1.0] AndroidManifest.xml:21:19-78
74
75        <meta-data
75-->[com.google.android.gms:play-services-basement:18.1.0] AndroidManifest.xml:21:9-23:69
76            android:name="com.google.android.gms.version"
76-->[com.google.android.gms:play-services-basement:18.1.0] AndroidManifest.xml:22:13-58
77            android:value="@integer/google_play_services_version" />
77-->[com.google.android.gms:play-services-basement:18.1.0] AndroidManifest.xml:23:13-66
78
79        <provider
79-->[androidx.emoji2:emoji2:1.2.0] AndroidManifest.xml:24:9-32:20
80            android:name="androidx.startup.InitializationProvider"
80-->[androidx.emoji2:emoji2:1.2.0] AndroidManifest.xml:25:13-67
81            android:authorities="com.example.shipperapp.androidx-startup"
81-->[androidx.emoji2:emoji2:1.2.0] AndroidManifest.xml:26:13-68
82            android:exported="false" >
82-->[androidx.emoji2:emoji2:1.2.0] AndroidManifest.xml:27:13-37
83            <meta-data
83-->[androidx.emoji2:emoji2:1.2.0] AndroidManifest.xml:29:13-31:52
84                android:name="androidx.emoji2.text.EmojiCompatInitializer"
84-->[androidx.emoji2:emoji2:1.2.0] AndroidManifest.xml:30:17-75
85                android:value="androidx.startup" />
85-->[androidx.emoji2:emoji2:1.2.0] AndroidManifest.xml:31:17-49
86            <meta-data
86-->[androidx.lifecycle:lifecycle-process:2.4.1] AndroidManifest.xml:31:13-33:52
87                android:name="androidx.lifecycle.ProcessLifecycleInitializer"
87-->[androidx.lifecycle:lifecycle-process:2.4.1] AndroidManifest.xml:32:17-78
88                android:value="androidx.startup" />
88-->[androidx.lifecycle:lifecycle-process:2.4.1] AndroidManifest.xml:33:17-49
89        </provider>
90    </application>
91
92</manifest>